Build started 2016/12/20 10:24:21.
     1>Project "F:\vsproject\media\mysift\mysift\mysift.vcxproj" on node 2 (Build target(s)).
     1>ClCompile:
         C:\Program Files (x86)\Microsoft Visual Studio 12.0\VC\bin\CL.exe /c /ZI /nologo /W3 /WX- /sdl /Od /Oy- /D WIN32 /D _WINDOWS /D _DEBUG /D _UNICODE /D UNICODE /D _AFXDLL /Gm /EHsc /RTC1 /MDd /GS /fp:precise /Zc:wchar_t /Zc:forScope /Fo"Debug\\" /Fd"Debug\vc120.pdb" /Gd /TP /analyze- /errorReport:prompt mysiftDlg.cpp
         mysiftDlg.cpp
     1>f:\opencv\opencv\build\include\opencv2\core\mat.hpp(1965): warning C4819: The file contains a character that cannot be represented in the current code page (936). Save the file in Unicode format to prevent data loss
     1>f:\opencv\opencv\build\include\opencv2\core\persistence.hpp : warning C4819: The file contains a character that cannot be represented in the current code page (936). Save the file in Unicode format to prevent data loss
     1>f:\opencv\opencv\build\include\opencv2\core\utility.hpp : warning C4819: The file contains a character that cannot be represented in the current code page (936). Save the file in Unicode format to prevent data loss
     1>f:\vsproject\media\mysift\mysift\mysiftdlg.cpp(501): warning C4244: '=' : conversion from 'double' to 'uchar', possible loss of data
     1>f:\vsproject\media\mysift\mysift\mysiftdlg.cpp(502): warning C4244: '=' : conversion from 'double' to 'uchar', possible loss of data
     1>f:\vsproject\media\mysift\mysift\mysiftdlg.cpp(503): warning C4244: '=' : conversion from 'double' to 'uchar', possible loss of data
       Link:
         C:\Program Files (x86)\Microsoft Visual Studio 12.0\VC\bin\link.exe /ERRORREPORT:PROMPT /OUT:"F:\vsproject\media\mysift\Debug\mysift.exe" /INCREMENTAL /NOLOGO opencv_ts300d.lib opencv_world300d.lib /MANIFEST /MANIFESTUAC:"level='asInvoker' uiAccess='false'" /manifest:embed /manifestinput:"C:\Program Files (x86)\Microsoft Visual Studio 12.0\VC\Include\Manifest\dpiaware.manifest" /DEBUG /PDB:"F:\vsproject\media\mysift\Debug\mysift.pdb" /SUBSYSTEM:WINDOWS /TLBID:1 /ENTRY:"wWinMainCRTStartup" /DYNAMICBASE /NXCOMPAT /IMPLIB:"F:\vsproject\media\mysift\Debug\mysift.lib" /MACHINE:X86 Debug\mysift.res
         Debug\imgfeatures.obj
         Debug\kdtree.obj
         Debug\minpq.obj
         Debug\mysift.obj
         Debug\mysiftDlg.obj
         Debug\sift.obj
         Debug\stdafx.obj
         Debug\utils.obj
         Debug\xform.obj
         mysift.vcxproj -> F:\vsproject\media\mysift\Debug\mysift.exe
     1>Done Building Project "F:\vsproject\media\mysift\mysift\mysift.vcxproj" (Build target(s)).

Build succeeded.

Time Elapsed 00:00:25.10
